<?xml version="1.0" encoding="UTF-8"?>
<testsuite name="MainTest" tests="1" skipped="0" failures="0" errors="0" timestamp="2022-06-01T15:43:20" hostname="MIHAIL-NIKANORE" time="30.008">
  <properties/>
  <testcase name="snakesTest()" classname="MainTest" time="30.008"/>
  <system-out><![CDATA[Snake launched with LWJGL 3.3.1 build 7!
1152.0 467.0
47 12 47 15 
20 13 20 20 
36 10 36 18 
66 8 75 8 
2 11 2 20 
78 34 78 42 
51 35 51 39 
10 30 10 36 
58 33 60 33 
71 2 71 9 
48 38 53 38 
42 22 44 22 
67 2 67 10 
49 21 51 21 
26 22 35 22 
26 16 26 21 
23 16 32 16 
57 28 60 28 
26 7 26 15 
25 23 33 23 
Something Wrong
859.0 290.0
]]></system-out>
  <system-err><![CDATA[]]></system-err>
</testsuite>
